#source "Deftuple.me"
#func inicio
#ret void
CALL inicio
HALT

#line 18
inicio:

#line 21
PUSHA 0
PUSHI 4
STOREI

#line 22
PUSHA 2
PUSHI 6
STOREI

#line 23
PUSHB 68	' 'D'
OUTB
PUSHB 101	' 'e'
OUTB
PUSHB 99	' 'c'
OUTB
PUSHB 108	' 'l'
OUTB
PUSHB 97	' 'a'
OUTB
PUSHB 114	' 'r'
OUTB
PUSHB 97	' 'a'
OUTB
PUSHB 99	' 'c'
OUTB
PUSHB 105	' 'i'
OUTB
PUSHB 243	' 'ó'
OUTB
PUSHB 110	' 'n'
OUTB
PUSHB 32	' ' '
OUTB
PUSHB 100	' 'd'
OUTB
PUSHB 101	' 'e'
OUTB
PUSHB 32	' ' '
OUTB
PUSHB 117	' 'u'
OUTB
PUSHB 110	' 'n'
OUTB
PUSHB 32	' ' '
OUTB
PUSHB 116	' 't'
OUTB
PUSHB 105	' 'i'
OUTB
PUSHB 112	' 'p'
OUTB
PUSHB 111	' 'o'
OUTB
PUSHB 32	' ' '
OUTB
PUSHB 118	' 'v'
OUTB
PUSHB 97	' 'a'
OUTB
PUSHB 99	' 'c'
OUTB
PUSHB 237	' 'í'
OUTB
PUSHB 111	' 'o'
OUTB
PUSHB 10
OUTB

#line 24
PUSHB 83	' 'S'
OUTB
PUSHB 117	' 'u'
OUTB
PUSHB 109	' 'm'
OUTB
PUSHB 97	' 'a'
OUTB
PUSHB 32	' ' '
OUTB
PUSHB 100	' 'd'
OUTB
PUSHB 101	' 'e'
OUTB
PUSHB 32	' ' '
OUTB
PUSHB 108	' 'l'
OUTB
PUSHB 97	' 'a'
OUTB
PUSHB 115	' 's'
OUTB
PUSHB 32	' ' '
OUTB
PUSHB 118	' 'v'
OUTB
PUSHB 97	' 'a'
OUTB
PUSHB 114	' 'r'
OUTB
PUSHB 105	' 'i'
OUTB
PUSHB 97	' 'a'
OUTB
PUSHB 98	' 'b'
OUTB
PUSHB 108	' 'l'
OUTB
PUSHB 101	' 'e'
OUTB
PUSHB 115	' 's'
OUTB
PUSHB 32	' ' '
OUTB
PUSHB 105	' 'i'
OUTB
PUSHB 32	' ' '
OUTB
PUSHB 40	' '('
OUTB
PUSHB 52	' '4'
OUTB
PUSHB 41	' ')'
OUTB
PUSHB 32	' ' '
OUTB
PUSHB 121	' 'y'
OUTB
PUSHB 32	' ' '
OUTB
PUSHB 107	' 'k'
OUTB
PUSHB 32	' ' '
OUTB
PUSHB 40	' '('
OUTB
PUSHB 54	' '6'
OUTB
PUSHB 41	' ')'
OUTB
PUSHB 58	' ':'
OUTB

#line 25
PUSHA 0
LOADI
PUSHA 2
LOADI
ADDI
OUTI
PUSHB 10
OUTB

#line 25
RET 0, 0, 0
