#source "Hipoteca.me"
#func potencia
#param base: float
#param exponente: int
#ret float
#local total: float
#func letraHipoteca
#param capital: float
#param meses: int
#param interes: float
#ret float
#local mensual: float
#func calcularHipoteca
#ret void
#local precioVivienda: float
#local interes: float
#local mesesHipoteca: int
CALL calcularHipoteca
HALT

#line 17
potencia:

#line 19
ENTER 4

#line 21
PUSH BP
PUSHI 4
ADDI
LOADI
PUSHI 0
EQI
JZ else_0000

#line 22
PUSH BP
PUSHI -4
ADDI
PUSHF 1.0
STOREF
JMP endif_0000
else_0000:

#line 23
PUSH BP
PUSHI 4
ADDI
LOADI
PUSHI 0
LTI
JZ else_0001

#line 24
PUSH BP
PUSHI -4
ADDI
PUSHF 1.0
PUSH BP
PUSHI 6
ADDI
LOADF
PUSHI 0
PUSH BP
PUSHI 4
ADDI
LOADI
SUBI
CALL potencia
DIVF
STOREF
JMP endif_0001
else_0001:

#line 26
PUSH BP
PUSHI -4
ADDI
PUSH BP
PUSHI 6
ADDI
LOADF
STOREF

#line 28
' inicio from_0002
UntilCond_0002:
PUSH BP
PUSHI 4
ADDI
LOADI
PUSHI 0
EQI
JNZ UntilEnd_0002

#line 29
PUSH BP
PUSHI -4
ADDI
PUSH BP
PUSHI -4
ADDI
LOADF
PUSH BP
PUSHI 6
ADDI
LOADF
MULF
STOREF

#line 30
PUSH BP
PUSHI 4
ADDI
PUSH BP
PUSHI 4
ADDI
LOADI
PUSHI 1
SUBI
STOREI
JMP UntilCond_0002
UntilEnd_0002:
endif_0001:
endif_0000:

#line 34
PUSH BP
PUSHI -4
ADDI
LOADF
RET 4, 4, 6

#line 37
letraHipoteca:

#line 39
ENTER 4

#line 41
PUSH BP
PUSHI -4
ADDI
PUSH BP
PUSHI 4
ADDI
LOADF
PUSHF 12.0
DIVF
STOREF

#line 42
PUSH BP
PUSHI 10
ADDI
LOADF
PUSH BP
PUSHI -4
ADDI
LOADF
MULF
PUSHF 100.0
PUSHF 1.0
PUSHF 1.0
PUSH BP
PUSHI -4
ADDI
LOADF
PUSHF 100.0
DIVF
ADDF
PUSHI 0
PUSH BP
PUSHI 8
ADDI
LOADI
SUBI
CALL potencia
SUBF
MULF
DIVF
RET 4, 4, 10

#line 45
calcularHipoteca:

#line 48
ENTER 10

#line 55
PUSH BP
PUSHI -4
ADDI
PUSHF 200000.0
STOREF

#line 56
PUSH BP
PUSHI -10
ADDI
PUSHI 30
PUSHI 12
MULI
STOREI

#line 57
PUSH BP
PUSHI -8
ADDI
PUSHF 2.04
STOREF

#line 59
PUSH BP
PUSHI -4
ADDI
LOADF
PUSH BP
PUSHI -10
ADDI
LOADI
PUSH BP
PUSHI -8
ADDI
LOADF
CALL letraHipoteca
OUTF
PUSHB 10
OUTB

#line 59
RET 0, 10, 0
